Job launching after 0.35 seconds in submission.
Running python job.
Changed into dir /Users/Yunjie/Documents/TuneMC/spearmint_space
Importing Spearmint-Pythia-Tune-block1.py
Running Spearmint-Pythia-Tune-block1.main()
Anything printed here will end up in the output directory for job #80
{u'pTminChgQ': array([ 0.65058395]), u'alphaSvalue': array([ 0.13673507]), u'pTmin': array([ 0.49837739])}
job id = 80, time stamp = 1477683899.05
[ 0.13673507  0.49837739  0.65058395]
/Users/Yunjie/Documents/TuneMC/pythia_space/pythia_gen 5 142858 /Users/Yunjie/Documents/TuneMC/pythia_space/parsFile.txt /Users/Yunjie/Documents/TuneMC/pythia_space/Output_csv/out_bin_content_5.csv > /Users/Yunjie/Documents/TuneMC/pythia_space/Output_text/Output_5.txt 2>&1
/Users/Yunjie/Documents/TuneMC/pythia_space/pythia_gen 6 142858 /Users/Yunjie/Documents/TuneMC/pythia_space/parsFile.txt /Users/Yunjie/Documents/TuneMC/pythia_space/Output_csv/out_bin_content_6.csv > /Users/Yunjie/Documents/TuneMC/pythia_space/Output_text/Output_6.txt 2>&1
/Users/Yunjie/Documents/TuneMC/pythia_space/pythia_gen 4 142858 /Users/Yunjie/Documents/TuneMC/pythia_space/parsFile.txt /Users/Yunjie/Documents/TuneMC/pythia_space/Output_csv/out_bin_content_4.csv > /Users/Yunjie/Documents/TuneMC/pythia_space/Output_text/Output_4.txt 2>&1
/Users/Yunjie/Documents/TuneMC/pythia_space/pythia_gen 1 142858 /Users/Yunjie/Documents/TuneMC/pythia_space/parsFile.txt /Users/Yunjie/Documents/TuneMC/pythia_space/Output_csv/out_bin_content_1.csv > /Users/Yunjie/Documents/TuneMC/pythia_space/Output_text/Output_1.txt 2>&1
/Users/Yunjie/Documents/TuneMC/pythia_space/pythia_gen 3 142858 /Users/Yunjie/Documents/TuneMC/pythia_space/parsFile.txt /Users/Yunjie/Documents/TuneMC/pythia_space/Output_csv/out_bin_content_3.csv > /Users/Yunjie/Documents/TuneMC/pythia_space/Output_text/Output_3.txt 2>&1
/Users/Yunjie/Documents/TuneMC/pythia_space/pythia_gen 0 142858 /Users/Yunjie/Documents/TuneMC/pythia_space/parsFile.txt /Users/Yunjie/Documents/TuneMC/pythia_space/Output_csv/out_bin_content_0.csv > /Users/Yunjie/Documents/TuneMC/pythia_space/Output_text/Output_0.txt 2>&1
/Users/Yunjie/Documents/TuneMC/pythia_space/pythia_gen 2 142858 /Users/Yunjie/Documents/TuneMC/pythia_space/parsFile.txt /Users/Yunjie/Documents/TuneMC/pythia_space/Output_csv/out_bin_content_2.csv > /Users/Yunjie/Documents/TuneMC/pythia_space/Output_text/Output_2.txt 2>&1
Got result 140.344
Completed successfully in 184.36 seconds. [{u'main': 140.344}]
Result = 140.344000
Sampled f([ 0.13673507  0.49837739  0.65058395])      = 140.3440000
