Job launching after 0.15 seconds in submission.
Running python job.
Changed into dir /Users/Yunjie/Documents/TuneMC/spearmint_space
Importing Spearmint-Pythia-Tune-block1.py
Running Spearmint-Pythia-Tune-block1.main()
Anything printed here will end up in the output directory for job #50
{u'pTminChgQ': array([ 1.33064754]), u'alphaSvalue': array([ 0.13643531]), u'pTmin': array([ 0.45337701])}
job id = 50, time stamp = 1477677736.56
[ 0.13643531  0.45337701  1.33064754]
/Users/Yunjie/Documents/TuneMC/pythia_space/pythia_gen 6 142858 /Users/Yunjie/Documents/TuneMC/pythia_space/parsFile.txt /Users/Yunjie/Documents/TuneMC/pythia_space/Output_csv/out_bin_content_6.csv > /Users/Yunjie/Documents/TuneMC/pythia_space/Output_text/Output_6.txt 2>&1
/Users/Yunjie/Documents/TuneMC/pythia_space/pythia_gen 0 142858 /Users/Yunjie/Documents/TuneMC/pythia_space/parsFile.txt /Users/Yunjie/Documents/TuneMC/pythia_space/Output_csv/out_bin_content_0.csv > /Users/Yunjie/Documents/TuneMC/pythia_space/Output_text/Output_0.txt 2>&1
/Users/Yunjie/Documents/TuneMC/pythia_space/pythia_gen 4 142858 /Users/Yunjie/Documents/TuneMC/pythia_space/parsFile.txt /Users/Yunjie/Documents/TuneMC/pythia_space/Output_csv/out_bin_content_4.csv > /Users/Yunjie/Documents/TuneMC/pythia_space/Output_text/Output_4.txt 2>&1
/Users/Yunjie/Documents/TuneMC/pythia_space/pythia_gen 5 142858 /Users/Yunjie/Documents/TuneMC/pythia_space/parsFile.txt /Users/Yunjie/Documents/TuneMC/pythia_space/Output_csv/out_bin_content_5.csv > /Users/Yunjie/Documents/TuneMC/pythia_space/Output_text/Output_5.txt 2>&1
/Users/Yunjie/Documents/TuneMC/pythia_space/pythia_gen 3 142858 /Users/Yunjie/Documents/TuneMC/pythia_space/parsFile.txt /Users/Yunjie/Documents/TuneMC/pythia_space/Output_csv/out_bin_content_3.csv > /Users/Yunjie/Documents/TuneMC/pythia_space/Output_text/Output_3.txt 2>&1
/Users/Yunjie/Documents/TuneMC/pythia_space/pythia_gen 1 142858 /Users/Yunjie/Documents/TuneMC/pythia_space/parsFile.txt /Users/Yunjie/Documents/TuneMC/pythia_space/Output_csv/out_bin_content_1.csv > /Users/Yunjie/Documents/TuneMC/pythia_space/Output_text/Output_1.txt 2>&1
/Users/Yunjie/Documents/TuneMC/pythia_space/pythia_gen 2 142858 /Users/Yunjie/Documents/TuneMC/pythia_space/parsFile.txt /Users/Yunjie/Documents/TuneMC/pythia_space/Output_csv/out_bin_content_2.csv > /Users/Yunjie/Documents/TuneMC/pythia_space/Output_text/Output_2.txt 2>&1
Got result 119.61
Completed successfully in 202.09 seconds. [{u'main': 119.61}]
Result = 119.610000
Sampled f([ 0.13643531  0.45337701  1.33064754])      = 119.6100000
