Job launching after 0.32 seconds in submission.
Running python job.
Changed into dir /Users/Yunjie/Documents/TuneMC/spearmint_space
Importing Spearmint-Pythia-Tune-block1.py
Running Spearmint-Pythia-Tune-block1.main()
Anything printed here will end up in the output directory for job #21
{u'pTminChgQ': array([ 2.]), u'alphaSvalue': array([ 0.14641162]), u'pTmin': array([ 1.3785422])}
job id = 21, time stamp = 1477671814.10
[ 0.14641162  1.3785422   2.        ]
/Users/Yunjie/Documents/TuneMC/pythia_space/pythia_gen 2 142858 /Users/Yunjie/Documents/TuneMC/pythia_space/parsFile.txt /Users/Yunjie/Documents/TuneMC/pythia_space/Output_csv/out_bin_content_2.csv > /Users/Yunjie/Documents/TuneMC/pythia_space/Output_text/Output_2.txt 2>&1
/Users/Yunjie/Documents/TuneMC/pythia_space/pythia_gen 5 142858 /Users/Yunjie/Documents/TuneMC/pythia_space/parsFile.txt /Users/Yunjie/Documents/TuneMC/pythia_space/Output_csv/out_bin_content_5.csv > /Users/Yunjie/Documents/TuneMC/pythia_space/Output_text/Output_5.txt 2>&1
/Users/Yunjie/Documents/TuneMC/pythia_space/pythia_gen 0 142858 /Users/Yunjie/Documents/TuneMC/pythia_space/parsFile.txt /Users/Yunjie/Documents/TuneMC/pythia_space/Output_csv/out_bin_content_0.csv > /Users/Yunjie/Documents/TuneMC/pythia_space/Output_text/Output_0.txt 2>&1
/Users/Yunjie/Documents/TuneMC/pythia_space/pythia_gen 1 142858 /Users/Yunjie/Documents/TuneMC/pythia_space/parsFile.txt /Users/Yunjie/Documents/TuneMC/pythia_space/Output_csv/out_bin_content_1.csv > /Users/Yunjie/Documents/TuneMC/pythia_space/Output_text/Output_1.txt 2>&1
/Users/Yunjie/Documents/TuneMC/pythia_space/pythia_gen 6 142858 /Users/Yunjie/Documents/TuneMC/pythia_space/parsFile.txt /Users/Yunjie/Documents/TuneMC/pythia_space/Output_csv/out_bin_content_6.csv > /Users/Yunjie/Documents/TuneMC/pythia_space/Output_text/Output_6.txt 2>&1
/Users/Yunjie/Documents/TuneMC/pythia_space/pythia_gen 4 142858 /Users/Yunjie/Documents/TuneMC/pythia_space/parsFile.txt /Users/Yunjie/Documents/TuneMC/pythia_space/Output_csv/out_bin_content_4.csv > /Users/Yunjie/Documents/TuneMC/pythia_space/Output_text/Output_4.txt 2>&1
/Users/Yunjie/Documents/TuneMC/pythia_space/pythia_gen 3 142858 /Users/Yunjie/Documents/TuneMC/pythia_space/parsFile.txt /Users/Yunjie/Documents/TuneMC/pythia_space/Output_csv/out_bin_content_3.csv > /Users/Yunjie/Documents/TuneMC/pythia_space/Output_text/Output_3.txt 2>&1
Got result 8812.982
Completed successfully in 160.85 seconds. [{u'main': 8812.982}]
Result = 8812.982000
Sampled f([ 0.14641162  1.3785422   2.        ])      = 8812.9820000
