Job launching after 0.35 seconds in submission.
Running python job.
Changed into dir /Users/Yunjie/Documents/TuneMC/spearmint_space
Importing Spearmint-Pythia-Tune-block1.py
Running Spearmint-Pythia-Tune-block1.main()
Anything printed here will end up in the output directory for job #85
{u'pTminChgQ': array([ 0.89493502]), u'alphaSvalue': array([ 0.13666876]), u'pTmin': array([ 0.49203438])}
job id = 85, time stamp = 1477684918.59
[ 0.13666876  0.49203438  0.89493502]
/Users/Yunjie/Documents/TuneMC/pythia_space/pythia_gen 2 142858 /Users/Yunjie/Documents/TuneMC/pythia_space/parsFile.txt /Users/Yunjie/Documents/TuneMC/pythia_space/Output_csv/out_bin_content_2.csv > /Users/Yunjie/Documents/TuneMC/pythia_space/Output_text/Output_2.txt 2>&1
/Users/Yunjie/Documents/TuneMC/pythia_space/pythia_gen 4 142858 /Users/Yunjie/Documents/TuneMC/pythia_space/parsFile.txt /Users/Yunjie/Documents/TuneMC/pythia_space/Output_csv/out_bin_content_4.csv > /Users/Yunjie/Documents/TuneMC/pythia_space/Output_text/Output_4.txt 2>&1
/Users/Yunjie/Documents/TuneMC/pythia_space/pythia_gen 6 142858 /Users/Yunjie/Documents/TuneMC/pythia_space/parsFile.txt /Users/Yunjie/Documents/TuneMC/pythia_space/Output_csv/out_bin_content_6.csv > /Users/Yunjie/Documents/TuneMC/pythia_space/Output_text/Output_6.txt 2>&1
/Users/Yunjie/Documents/TuneMC/pythia_space/pythia_gen 1 142858 /Users/Yunjie/Documents/TuneMC/pythia_space/parsFile.txt /Users/Yunjie/Documents/TuneMC/pythia_space/Output_csv/out_bin_content_1.csv > /Users/Yunjie/Documents/TuneMC/pythia_space/Output_text/Output_1.txt 2>&1
/Users/Yunjie/Documents/TuneMC/pythia_space/pythia_gen 5 142858 /Users/Yunjie/Documents/TuneMC/pythia_space/parsFile.txt /Users/Yunjie/Documents/TuneMC/pythia_space/Output_csv/out_bin_content_5.csv > /Users/Yunjie/Documents/TuneMC/pythia_space/Output_text/Output_5.txt 2>&1
/Users/Yunjie/Documents/TuneMC/pythia_space/pythia_gen 3 142858 /Users/Yunjie/Documents/TuneMC/pythia_space/parsFile.txt /Users/Yunjie/Documents/TuneMC/pythia_space/Output_csv/out_bin_content_3.csv > /Users/Yunjie/Documents/TuneMC/pythia_space/Output_text/Output_3.txt 2>&1
/Users/Yunjie/Documents/TuneMC/pythia_space/pythia_gen 0 142858 /Users/Yunjie/Documents/TuneMC/pythia_space/parsFile.txt /Users/Yunjie/Documents/TuneMC/pythia_space/Output_csv/out_bin_content_0.csv > /Users/Yunjie/Documents/TuneMC/pythia_space/Output_text/Output_0.txt 2>&1
Got result 112.835
Completed successfully in 191.41 seconds. [{u'main': 112.835}]
Result = 112.835000
Sampled f([ 0.13666876  0.49203438  0.89493502])      = 112.8350000
